<?xml version="1.0" encoding="UTF-8"?>
<!-- Generated by org.testng.reporters.JUnitReportReporter -->
<testsuite skipped="1" hostname="purushoth-PC" name="Login.Login" tests="1" failures="0" timestamp="2020-04-17T09:00:28 PDT" time="0.000" errors="0">
  <testcase name="browser" time="0.000" classname="Login.Login">
    <skipped/>
  </testcase> <!-- browser -->
</testsuite> <!-- Login.Login -->
