<?xml version="1.0" encoding="UTF-8"?>
<!-- Generated by org.testng.reporters.JUnitReportReporter -->
<testsuite skipped="0" hostname="purushoth-PC" name="Login.CorrectUsername" tests="1" failures="0" timestamp="2020-02-14T19:17:39 PST" time="25.641" errors="0">
  <testcase name="Loginusrpas" time="25.641" classname="Login.CorrectUsername"/>
</testsuite> <!-- Login.CorrectUsername -->
